<?xml version="1.0" encoding="UTF-8"?>
<testsuite name="com.cursochat.ws.WsApplicationTests" tests="1" skipped="0" failures="0" errors="0" timestamp="2024-09-24T02:06:55" hostname="TORMESBR" time="0.735">
  <properties/>
  <testcase name="contextLoads()" classname="com.cursochat.ws.WsApplicationTests" time="0.735"/>
  <system-out><![CDATA[23:06:50.190 [Test worker] DEBUG org.springframework.test.context.BootstrapUtils - Instantiating CacheAwareContextLoaderDelegate from class [org.springframework.test.context.cache.DefaultCacheAwareContextLoaderDelegate]
23:06:50.217 [Test worker] DEBUG org.springframework.test.context.BootstrapUtils - Instantiating BootstrapContext using constructor [public org.springframework.test.context.support.DefaultBootstrapContext(java.lang.Class,org.springframework.test.context.CacheAwareContextLoaderDelegate)]
23:06:50.340 [Test worker] DEBUG org.springframework.test.context.BootstrapUtils - Instantiating TestContextBootstrapper for test class [com.cursochat.ws.WsApplicationTests] from class [org.springframework.boot.test.context.SpringBootTestContextBootstrapper]
23:06:50.366 [Test worker] INFO org.springframework.boot.test.context.SpringBootTestContextBootstrapper - Neither @ContextConfiguration nor @ContextHierarchy found for test class [com.cursochat.ws.WsApplicationTests], using SpringBootContextLoader
23:06:50.380 [Test worker] DEBUG org.springframework.test.context.support.AbstractContextLoader - Did not detect default resource location for test class [com.cursochat.ws.WsApplicationTests]: class path resource [com/cursochat/ws/WsApplicationTests-context.xml] does not exist
23:06:50.381 [Test worker] DEBUG org.springframework.test.context.support.AbstractContextLoader - Did not detect default resource location for test class [com.cursochat.ws.WsApplicationTests]: class path resource [com/cursochat/ws/WsApplicationTestsContext.groovy] does not exist
23:06:50.382 [Test worker] INFO org.springframework.test.context.support.AbstractContextLoader - Could not detect default resource locations for test class [com.cursochat.ws.WsApplicationTests]: no resource found for suffixes {-context.xml, Context.groovy}.
23:06:50.384 [Test worker] INFO org.springframework.test.context.support.AnnotationConfigContextLoaderUtils - Could not detect default configuration classes for test class [com.cursochat.ws.WsApplicationTests]: WsApplicationTests does not declare any static, non-private, non-final, nested classes annotated with @Configuration.
23:06:50.481 [Test worker] DEBUG org.springframework.test.context.support.ActiveProfilesUtils - Could not find an 'annotation declaring class' for annotation type [org.springframework.test.context.ActiveProfiles] and class [com.cursochat.ws.WsApplicationTests]
23:06:50.609 [Test worker] DEBUG org.springframework.context.annotation.ClassPathScanningCandidateComponentProvider - Identified candidate component class: file [C:\Users\mateu\Downloads\ws(1)\ws\build\classes\java\main\com\cursochat\ws\WsApplication.class]
23:06:50.611 [Test worker] INFO org.springframework.boot.test.context.SpringBootTestContextBootstrapper - Found @SpringBootConfiguration com.cursochat.ws.WsApplication for test class com.cursochat.ws.WsApplicationTests
23:06:50.821 [Test worker] DEBUG org.springframework.boot.test.context.SpringBootTestContextBootstrapper - @TestExecutionListeners is not present for class [com.cursochat.ws.WsApplicationTests]: using defaults.
23:06:50.822 [Test worker] INFO org.springframework.boot.test.context.SpringBootTestContextBootstrapper - Loaded default TestExecutionListener class names from location [META-INF/spring.factories]: [org.springframework.boot.test.autoconfigure.restdocs.RestDocsTestExecutionListener, org.springframework.boot.test.autoconfigure.web.client.MockRestServiceServerResetTestExecutionListener, org.springframework.boot.test.autoconfigure.web.servlet.MockMvcPrintOnlyOnFailureTestExecutionListener, org.springframework.boot.test.autoconfigure.web.servlet.WebDriverTestExecutionListener, org.springframework.boot.test.autoconfigure.webservices.client.MockWebServiceServerTestExecutionListener, org.springframework.boot.test.mock.mockito.MockitoTestExecutionListener, org.springframework.boot.test.mock.mockito.ResetMocksTestExecutionListener, org.springframework.test.context.web.ServletTestExecutionListener, org.springframework.test.context.support.DirtiesContextBeforeModesTestExecutionListener, org.springframework.test.context.event.ApplicationEventsTestExecutionListener, org.springframework.test.context.support.DependencyInjectionTestExecutionListener, org.springframework.test.context.support.DirtiesContextTestExecutionListener, org.springframework.test.context.transaction.TransactionalTestExecutionListener, org.springframework.test.context.jdbc.SqlScriptsTestExecutionListener, org.springframework.test.context.event.EventPublishingTestExecutionListener]
23:06:50.846 [Test worker] DEBUG org.springframework.boot.test.context.SpringBootTestContextBootstrapper - Skipping candidate TestExecutionListener [org.springframework.test.context.transaction.TransactionalTestExecutionListener] due to a missing dependency. Specify custom listener classes or make the default listener classes and their required dependencies available. Offending class: [org/springframework/transaction/interceptor/TransactionAttributeSource]
23:06:50.847 [Test worker] DEBUG org.springframework.boot.test.context.SpringBootTestContextBootstrapper - Skipping candidate TestExecutionListener [org.springframework.test.context.jdbc.SqlScriptsTestExecutionListener] due to a missing dependency. Specify custom listener classes or make the default listener classes and their required dependencies available. Offending class: [org/springframework/transaction/interceptor/TransactionAttribute]
23:06:50.848 [Test worker] INFO org.springframework.boot.test.context.SpringBootTestContextBootstrapper - Using TestExecutionListeners: [org.springframework.test.context.web.ServletTestExecutionListener@4275c20c, org.springframework.test.context.support.DirtiesContextBeforeModesTestExecutionListener@7c56e013, org.springframework.test.context.event.ApplicationEventsTestExecutionListener@3fc9dfc5, org.springframework.boot.test.mock.mockito.MockitoTestExecutionListener@40258c2f, org.springframework.boot.test.autoconfigure.SpringBootDependencyInjectionTestExecutionListener@2cac4385, org.springframework.test.context.support.DirtiesContextTestExecutionListener@6731787b, org.springframework.test.context.event.EventPublishingTestExecutionListener@16f7b4af, org.springframework.boot.test.autoconfigure.restdocs.RestDocsTestExecutionListener@7adf16aa, org.springframework.boot.test.autoconfigure.web.client.MockRestServiceServerResetTestExecutionListener@34a1d21f, org.springframework.boot.test.autoconfigure.web.servlet.MockMvcPrintOnlyOnFailureTestExecutionListener@58bf8650, org.springframework.boot.test.autoconfigure.web.servlet.WebDriverTestExecutionListener@73c60324, org.springframework.boot.test.autoconfigure.webservices.client.MockWebServiceServerTestExecutionListener@71ae31b0, org.springframework.boot.test.mock.mockito.ResetMocksTestExecutionListener@4ba534b0]
23:06:50.860 [Test worker] DEBUG org.springframework.test.context.support.AbstractDirtiesContextTestExecutionListener - Before test class: context [DefaultTestContext@58670130 testClass = WsApplicationTests, testInstance = [null], testMethod = [null], testException = [null], mergedContextConfiguration = [WebMergedContextConfiguration@74e47444 testClass = WsApplicationTests, locations = '{}', classes = '{class com.cursochat.ws.WsApplication}', contextInitializerClasses = '[]', activeProfiles = '{}', propertySourceLocations = '{}', propertySourceProperties = '{org.springframework.boot.test.context.SpringBootTestContextBootstrapper=true}', contextCustomizers = set[org.springframework.boot.test.autoconfigure.actuate.metrics.MetricsExportContextCustomizerFactory$DisableMetricExportContextCustomizer@1608bcbd, org.springframework.boot.test.autoconfigure.properties.PropertyMappingContextCustomizer@0, org.springframework.boot.test.autoconfigure.web.servlet.WebDriverContextCustomizerFactory$Customizer@73194df, org.springframework.boot.test.context.filter.ExcludeFilterContextCustomizer@4ed5eb72, org.springframework.boot.test.json.DuplicateJsonObjectContextCustomizerFactory$DuplicateJsonObjectContextCustomizer@40db2a24, org.springframework.boot.test.mock.mockito.MockitoContextCustomizer@0, org.springframework.boot.test.web.client.TestRestTemplateContextCustomizer@7dda48d9, org.springframework.boot.test.context.SpringBootTestArgs@1, org.springframework.boot.test.context.SpringBootTestWebEnvironment@4e096385], resourceBasePath = 'src/main/webapp', contextLoader = 'org.springframework.boot.test.context.SpringBootContextLoader', parent = [null]], attributes = map['org.springframework.test.context.web.ServletTestExecutionListener.activateListener' -> true]], class annotated with @DirtiesContext [false] with mode [null].

  .   ____          _            __ _ _
 /\\ / ___'_ __ _ _(_)_ __  __ _ \ \ \ \
( ( )\___ | '_ | '_| | '_ \/ _` | \ \ \ \
 \\/  ___)| |_)| | | | | || (_| |  ) ) ) )
  '  |____| .__|_| |_|_| |_\__, | / / / /
 =========|_|==============|___/=/_/_/_/
 :: Spring Boot ::                (v2.7.5)

2024-09-23 23:06:51.663  INFO 20944 --- [    Test worker] com.cursochat.ws.WsApplicationTests      : Starting WsApplicationTests using Java 21.0.2 on TormesBR with PID 20944 (started by mateu in C:\Users\mateu\Downloads\ws(1)\ws)
2024-09-23 23:06:51.666  INFO 20944 --- [    Test worker] com.cursochat.ws.WsApplicationTests      : No active profile set, falling back to 1 default profile: "default"
Servidor subiu!
Gerando mapa inicial
2024-09-23 23:06:55.884  INFO 20944 --- [    Test worker] com.cursochat.ws.WsApplicationTests      : Started WsApplicationTests in 4.938 seconds (JVM running for 7.824)
]]></system-out>
  <system-err><![CDATA[]]></system-err>
</testsuite>
