<?xml version="1.0" encoding="UTF-8"?>
<testsuite name="com.cursochat.ws.WsApplicationTests" tests="1" skipped="0" failures="0" errors="0" timestamp="2024-09-21T13:37:08" hostname="TORMESBR" time="0.728">
  <properties/>
  <testcase name="contextLoads()" classname="com.cursochat.ws.WsApplicationTests" time="0.728"/>
  <system-out><![CDATA[10:37:03.464 [Test worker] DEBUG org.springframework.test.context.BootstrapUtils - Instantiating CacheAwareContextLoaderDelegate from class [org.springframework.test.context.cache.DefaultCacheAwareContextLoaderDelegate]
10:37:03.487 [Test worker] DEBUG org.springframework.test.context.BootstrapUtils - Instantiating BootstrapContext using constructor [public org.springframework.test.context.support.DefaultBootstrapContext(java.lang.Class,org.springframework.test.context.CacheAwareContextLoaderDelegate)]
10:37:03.564 [Test worker] DEBUG org.springframework.test.context.BootstrapUtils - Instantiating TestContextBootstrapper for test class [com.cursochat.ws.WsApplicationTests] from class [org.springframework.boot.test.context.SpringBootTestContextBootstrapper]
10:37:03.582 [Test worker] INFO org.springframework.boot.test.context.SpringBootTestContextBootstrapper - Neither @ContextConfiguration nor @ContextHierarchy found for test class [com.cursochat.ws.WsApplicationTests], using SpringBootContextLoader
10:37:03.590 [Test worker] DEBUG org.springframework.test.context.support.AbstractContextLoader - Did not detect default resource location for test class [com.cursochat.ws.WsApplicationTests]: class path resource [com/cursochat/ws/WsApplicationTests-context.xml] does not exist
10:37:03.591 [Test worker] DEBUG org.springframework.test.context.support.AbstractContextLoader - Did not detect default resource location for test class [com.cursochat.ws.WsApplicationTests]: class path resource [com/cursochat/ws/WsApplicationTestsContext.groovy] does not exist
10:37:03.591 [Test worker] INFO org.springframework.test.context.support.AbstractContextLoader - Could not detect default resource locations for test class [com.cursochat.ws.WsApplicationTests]: no resource found for suffixes {-context.xml, Context.groovy}.
10:37:03.592 [Test worker] INFO org.springframework.test.context.support.AnnotationConfigContextLoaderUtils - Could not detect default configuration classes for test class [com.cursochat.ws.WsApplicationTests]: WsApplicationTests does not declare any static, non-private, non-final, nested classes annotated with @Configuration.
10:37:03.678 [Test worker] DEBUG org.springframework.test.context.support.ActiveProfilesUtils - Could not find an 'annotation declaring class' for annotation type [org.springframework.test.context.ActiveProfiles] and class [com.cursochat.ws.WsApplicationTests]
10:37:03.800 [Test worker] DEBUG org.springframework.context.annotation.ClassPathScanningCandidateComponentProvider - Identified candidate component class: file [C:\Users\mateu\Downloads\ws(1)\ws\build\classes\java\main\com\cursochat\ws\WsApplication.class]
10:37:03.802 [Test worker] INFO org.springframework.boot.test.context.SpringBootTestContextBootstrapper - Found @SpringBootConfiguration com.cursochat.ws.WsApplication for test class com.cursochat.ws.WsApplicationTests
10:37:04.005 [Test worker] DEBUG org.springframework.boot.test.context.SpringBootTestContextBootstrapper - @TestExecutionListeners is not present for class [com.cursochat.ws.WsApplicationTests]: using defaults.
10:37:04.007 [Test worker] INFO org.springframework.boot.test.context.SpringBootTestContextBootstrapper - Loaded default TestExecutionListener class names from location [META-INF/spring.factories]: [org.springframework.boot.test.autoconfigure.restdocs.RestDocsTestExecutionListener, org.springframework.boot.test.autoconfigure.web.client.MockRestServiceServerResetTestExecutionListener, org.springframework.boot.test.autoconfigure.web.servlet.MockMvcPrintOnlyOnFailureTestExecutionListener, org.springframework.boot.test.autoconfigure.web.servlet.WebDriverTestExecutionListener, org.springframework.boot.test.autoconfigure.webservices.client.MockWebServiceServerTestExecutionListener, org.springframework.boot.test.mock.mockito.MockitoTestExecutionListener, org.springframework.boot.test.mock.mockito.ResetMocksTestExecutionListener, org.springframework.test.context.web.ServletTestExecutionListener, org.springframework.test.context.support.DirtiesContextBeforeModesTestExecutionListener, org.springframework.test.context.event.ApplicationEventsTestExecutionListener, org.springframework.test.context.support.DependencyInjectionTestExecutionListener, org.springframework.test.context.support.DirtiesContextTestExecutionListener, org.springframework.test.context.transaction.TransactionalTestExecutionListener, org.springframework.test.context.jdbc.SqlScriptsTestExecutionListener, org.springframework.test.context.event.EventPublishingTestExecutionListener]
10:37:04.032 [Test worker] DEBUG org.springframework.boot.test.context.SpringBootTestContextBootstrapper - Skipping candidate TestExecutionListener [org.springframework.test.context.transaction.TransactionalTestExecutionListener] due to a missing dependency. Specify custom listener classes or make the default listener classes and their required dependencies available. Offending class: [org/springframework/transaction/TransactionDefinition]
10:37:04.033 [Test worker] DEBUG org.springframework.boot.test.context.SpringBootTestContextBootstrapper - Skipping candidate TestExecutionListener [org.springframework.test.context.jdbc.SqlScriptsTestExecutionListener] due to a missing dependency. Specify custom listener classes or make the default listener classes and their required dependencies available. Offending class: [org/springframework/transaction/interceptor/TransactionAttribute]
10:37:04.033 [Test worker] INFO org.springframework.boot.test.context.SpringBootTestContextBootstrapper - Using TestExecutionListeners: [org.springframework.test.context.web.ServletTestExecutionListener@7adf16aa, org.springframework.test.context.support.DirtiesContextBeforeModesTestExecutionListener@34a1d21f, org.springframework.test.context.event.ApplicationEventsTestExecutionListener@58bf8650, org.springframework.boot.test.mock.mockito.MockitoTestExecutionListener@73c60324, org.springframework.boot.test.autoconfigure.SpringBootDependencyInjectionTestExecutionListener@71ae31b0, org.springframework.test.context.support.DirtiesContextTestExecutionListener@4ba534b0, org.springframework.test.context.event.EventPublishingTestExecutionListener@6f0ca692, org.springframework.boot.test.autoconfigure.restdocs.RestDocsTestExecutionListener@2c104774, org.springframework.boot.test.autoconfigure.web.client.MockRestServiceServerResetTestExecutionListener@2cb3d0f7, org.springframework.boot.test.autoconfigure.web.servlet.MockMvcPrintOnlyOnFailureTestExecutionListener@4e517165, org.springframework.boot.test.autoconfigure.web.servlet.WebDriverTestExecutionListener@44e3760b, org.springframework.boot.test.autoconfigure.webservices.client.MockWebServiceServerTestExecutionListener@6a66a204, org.springframework.boot.test.mock.mockito.ResetMocksTestExecutionListener@5860f3d7]
10:37:04.044 [Test worker] DEBUG org.springframework.test.context.support.AbstractDirtiesContextTestExecutionListener - Before test class: context [DefaultTestContext@46f699d5 testClass = WsApplicationTests, testInstance = [null], testMethod = [null], testException = [null], mergedContextConfiguration = [WebMergedContextConfiguration@18518ccf testClass = WsApplicationTests, locations = '{}', classes = '{class com.cursochat.ws.WsApplication}', contextInitializerClasses = '[]', activeProfiles = '{}', propertySourceLocations = '{}', propertySourceProperties = '{org.springframework.boot.test.context.SpringBootTestContextBootstrapper=true}', contextCustomizers = set[org.springframework.boot.test.autoconfigure.actuate.metrics.MetricsExportContextCustomizerFactory$DisableMetricExportContextCustomizer@55493582, org.springframework.boot.test.autoconfigure.properties.PropertyMappingContextCustomizer@0, org.springframework.boot.test.autoconfigure.web.servlet.WebDriverContextCustomizerFactory$Customizer@19b93fa8, org.springframework.boot.test.context.filter.ExcludeFilterContextCustomizer@1921ad94, org.springframework.boot.test.json.DuplicateJsonObjectContextCustomizerFactory$DuplicateJsonObjectContextCustomizer@2631f68c, org.springframework.boot.test.mock.mockito.MockitoContextCustomizer@0, org.springframework.boot.test.web.client.TestRestTemplateContextCustomizer@2a62b5bc, org.springframework.boot.test.context.SpringBootTestArgs@1, org.springframework.boot.test.context.SpringBootTestWebEnvironment@1a4013], resourceBasePath = 'src/main/webapp', contextLoader = 'org.springframework.boot.test.context.SpringBootContextLoader', parent = [null]], attributes = map['org.springframework.test.context.web.ServletTestExecutionListener.activateListener' -> true]], class annotated with @DirtiesContext [false] with mode [null].

  .   ____          _            __ _ _
 /\\ / ___'_ __ _ _(_)_ __  __ _ \ \ \ \
( ( )\___ | '_ | '_| | '_ \/ _` | \ \ \ \
 \\/  ___)| |_)| | | | | || (_| |  ) ) ) )
  '  |____| .__|_| |_|_| |_\__, | / / / /
 =========|_|==============|___/=/_/_/_/
 :: Spring Boot ::                (v2.7.5)

2024-09-21 10:37:04.886  INFO 34040 --- [    Test worker] com.cursochat.ws.WsApplicationTests      : Starting WsApplicationTests using Java 21.0.2 on TormesBR with PID 34040 (started by mateu in C:\Users\mateu\Downloads\ws(1)\ws)
2024-09-21 10:37:04.889  INFO 34040 --- [    Test worker] com.cursochat.ws.WsApplicationTests      : No active profile set, falling back to 1 default profile: "default"
Servidor subiu!
2024-09-21 10:37:08.528  INFO 34040 --- [    Test worker] com.cursochat.ws.WsApplicationTests      : Started WsApplicationTests in 4.409 seconds (JVM running for 6.897)
]]></system-out>
  <system-err><![CDATA[]]></system-err>
</testsuite>
